SMTP connect() failed. https://github.com/PHPMailer/PHPMailer/wiki/Troubleshooting
marcusvinicius2747@gmail.com
2022-08-13 22:48

SMTP connect() failed. https://github.com/PHPMailer/PHPMailer/wiki/Troubleshooting
marcusvinicius2747@gmail.com
2022-08-13 22:48

Could not instantiate mail function.
marcusvinicius2747@gmail.com
2022-08-13 22:49

SMTP connect() failed. https://github.com/PHPMailer/PHPMailer/wiki/Troubleshooting
marcusvinicius2747@gmail.com
2022-08-13 22:49

SMTP connect() failed. https://github.com/PHPMailer/PHPMailer/wiki/Troubleshooting
marcusvinicius2747@gmail.com
2022-08-13 22:51

SMTP connect() failed. https://github.com/PHPMailer/PHPMailer/wiki/Troubleshooting
marcusvinicius2747@gmail.com
2022-08-13 22:51

SMTP connect() failed. https://github.com/PHPMailer/PHPMailer/wiki/Troubleshooting
marcusvinicius2747@gmail.com
2022-08-13 22:51

SMTP connect() failed. https://github.com/PHPMailer/PHPMailer/wiki/Troubleshooting
marcusvinicius2747@gmail.com
2022-08-13 22:51

SMTP connect() failed. https://github.com/PHPMailer/PHPMailer/wiki/Troubleshooting
marcusvinicius2747@gmail.com
2022-08-13 22:52

SMTP connect() failed. https://github.com/PHPMailer/PHPMailer/wiki/Troubleshooting
marcusvinicius2747@gmail.com
2022-08-13 22:53

SMTP connect() failed. https://github.com/PHPMailer/PHPMailer/wiki/Troubleshooting
marcusvinicius2747@gmail.com
2022-08-13 23:11

SMTP connect() failed. https://github.com/PHPMailer/PHPMailer/wiki/Troubleshooting
marcusvinicius2747@gmail.com
2022-08-13 23:12

SMTP connect() failed. https://github.com/PHPMailer/PHPMailer/wiki/Troubleshooting
marcusvinicius2747@gmail.com
2022-08-13 23:14

SMTP connect() failed. https://github.com/PHPMailer/PHPMailer/wiki/Troubleshooting
marcusvinicius2747@gmail.com
2022-08-13 23:15

SMTP connect() failed. https://github.com/PHPMailer/PHPMailer/wiki/Troubleshooting
marcusvinicius2747@gmail.com
2022-08-13 23:15

SMTP connect() failed. https://github.com/PHPMailer/PHPMailer/wiki/Troubleshooting
marcusvinicius2747@gmail.com
2022-08-13 23:21

SMTP connect() failed. https://github.com/PHPMailer/PHPMailer/wiki/Troubleshooting
marcusvinicius2747@gmail.com
2022-08-13 23:24

SMTP connect() failed. https://github.com/PHPMailer/PHPMailer/wiki/Troubleshooting
mvjs2004@gmail.com
2022-08-13 23:24

SMTP connect() failed. https://github.com/PHPMailer/PHPMailer/wiki/Troubleshooting
marcusvinicius2747@gmail.com
2022-08-13 23:24

SMTP connect() failed. https://github.com/PHPMailer/PHPMailer/wiki/Troubleshooting
marcusvinicius2747@gmail.com
2022-08-13 23:26

SMTP connect() failed. https://github.com/PHPMailer/PHPMailer/wiki/Troubleshooting
marcusvinicius2747@gmail.com
2022-08-13 23:26

SMTP connect() failed. https://github.com/PHPMailer/PHPMailer/wiki/Troubleshooting
marcusvinicius2747@gmail.com
2022-08-13 23:26

SMTP connect() failed. https://github.com/PHPMailer/PHPMailer/wiki/Troubleshooting
marcusvinicius2747@gmail.com
2022-08-13 23:26

SMTP connect() failed. https://github.com/PHPMailer/PHPMailer/wiki/Troubleshooting
marcusvinicius2747@gmail.com
2022-08-13 23:27

SMTP connect() failed. https://github.com/PHPMailer/PHPMailer/wiki/Troubleshooting
marcusvinicius2747@gmail.com
2022-08-13 23:39

SMTP connect() failed. https://github.com/PHPMailer/PHPMailer/wiki/Troubleshooting
marcusvinicius2747@gmail.com
2022-08-13 23:39

SMTP connect() failed. https://github.com/PHPMailer/PHPMailer/wiki/Troubleshooting
mvjs2004@gmail.com
2022-08-14 17:26

SMTP connect() failed. https://github.com/PHPMailer/PHPMailer/wiki/Troubleshooting
mv@gmail.com
2022-08-14 17:26

SMTP connect() failed. https://github.com/PHPMailer/PHPMailer/wiki/Troubleshooting
marcusvinicius2747@gmail.com
2022-08-14 19:21

SMTP connect() failed. https://github.com/PHPMailer/PHPMailer/wiki/Troubleshooting
marcus.senac2021.3@gmail.com
2022-08-14 19:22

SMTP connect() failed. https://github.com/PHPMailer/PHPMailer/wiki/Troubleshooting
mvjs2004@gmail.com
2022-08-14 19:38

SMTP connect() failed. https://github.com/PHPMailer/PHPMailer/wiki/Troubleshooting
marcusvinicius2747@gmail.com
2022-08-14 19:38

SMTP connect() failed. https://github.com/PHPMailer/PHPMailer/wiki/Troubleshooting
marcusvinicius2747@gmail.com
2022-08-14 19:57

SMTP connect() failed. https://github.com/PHPMailer/PHPMailer/wiki/Troubleshooting
mv@gmail.com
2022-08-14 19:57

SMTP connect() failed. https://github.com/PHPMailer/PHPMailer/wiki/Troubleshooting
mvjs2004@gmail.com
2022-08-14 19:57

SMTP connect() failed. https://github.com/PHPMailer/PHPMailer/wiki/Troubleshooting
andreluisoliveira.042@gmail.com
2022-08-15 18:01

